<?xml version="1.0" encoding="UTF-8"?>
<!-- Generated by org.testng.reporters.JUnitReportReporter -->
<testsuite hostname="SHILIN2886" failures="0" tests="1" name="example.NewTest" time="34.374" errors="0" timestamp="20 May 2019 19:43:09 GMT">
  <testcase classname="example.NewTest" name="test1" time="34.374"/>
</testsuite> <!-- example.NewTest -->
